Analysis & Synthesis report for Minilab0
Thu Feb  5 17:36:04 2026
Quartus Prime Version 24.1std.0 Build 1077 03/04/2025 SC Lite Edition


---------------------
; Table of Contents ;
---------------------
  1. Legal Notice
  2. Analysis & Synthesis Summary
  3. Analysis & Synthesis Settings
  4. Parallel Compilation
  5. Analysis & Synthesis Source Files Read
  6. Analysis & Synthesis Resource Usage Summary
  7. Analysis & Synthesis Resource Utilization by Entity
  8. Analysis & Synthesis RAM Summary
  9. Analysis & Synthesis DSP Block Usage Summary
 10. Registers Removed During Synthesis
 11. General Register Statistics
 12. Registers Added for RAM Pass-Through Logic
 13. Multiplexer Restructuring Statistics (Restructuring Performed)
 14. Source assignments for FIFO:fifo_gen[0].input_fifo|altsyncram:mem_rtl_0|altsyncram_dco1:auto_generated
 15. Parameter Settings for User Entity Instance: Top-level Entity: |Minilab0
 16. Parameter Settings for User Entity Instance: FIFO:fifo_gen[0].input_fifo
 17. Parameter Settings for User Entity Instance: FIFO:fifo_gen[1].input_fifo
 18. Parameter Settings for User Entity Instance: MAC:mac
 19. Parameter Settings for Inferred Entity Instance: FIFO:fifo_gen[0].input_fifo|altsyncram:mem_rtl_0
 20. altsyncram Parameter Settings by Entity Instance
 21. Port Connectivity Checks: "MAC:mac"
 22. Port Connectivity Checks: "FIFO:fifo_gen[1].input_fifo"
 23. Post-Synthesis Netlist Statistics for Top Partition
 24. Elapsed Time Per Partition
 25. Analysis & Synthesis Messages



----------------
; Legal Notice ;
----------------
Copyright (C) 2025  Altera Corporation. All rights reserved.
Your use of Altera Corporation's design tools, logic functions 
and other software and tools, and any partner logic 
functions, and any output files from any of the foregoing 
(including device programming or simulation files), and any 
associated documentation or information are expressly subject 
to the terms and conditions of the Altera Program License 
Subscription Agreement, the Altera Quartus Prime License Agreement,
the Altera IP License Agreement, or other applicable license
agreement, including, without limitation, that your use is for
the sole purpose of programming logic devices manufactured by
Altera and sold by Altera or its authorized distributors.  Please
refer to the Altera Software License Subscription Agreements 
on the Quartus Prime software download page.



+-----------------------------------------------------------------------------------+
; Analysis & Synthesis Summary                                                      ;
+---------------------------------+-------------------------------------------------+
; Analysis & Synthesis Status     ; Successful - Thu Feb  5 17:36:04 2026           ;
; Quartus Prime Version           ; 24.1std.0 Build 1077 03/04/2025 SC Lite Edition ;
; Revision Name                   ; Minilab0                                        ;
; Top-level Entity Name           ; Minilab0                                        ;
; Family                          ; Cyclone V                                       ;
; Logic utilization (in ALMs)     ; N/A                                             ;
; Total registers                 ; 161                                             ;
; Total pins                      ; 70                                              ;
; Total virtual pins              ; 0                                               ;
; Total block memory bits         ; 64                                              ;
; Total DSP Blocks                ; 1                                               ;
; Total HSSI RX PCSs              ; 0                                               ;
; Total HSSI PMA RX Deserializers ; 0                                               ;
; Total HSSI TX PCSs              ; 0                                               ;
; Total HSSI PMA TX Serializers   ; 0                                               ;
; Total PLLs                      ; 0                                               ;
; Total DLLs                      ; 0                                               ;
+---------------------------------+-------------------------------------------------+


+---------------------------------------------------------------------------------------------------------------------------+
; Analysis & Synthesis Settings                                                                                             ;
+---------------------------------------------------------------------------------+--------------------+--------------------+
; Option                                                                          ; Setting            ; Default Value      ;
+---------------------------------------------------------------------------------+--------------------+--------------------+
; Device                                                                          ; 5CSEMA5F31C6       ;                    ;
; Top-level entity name                                                           ; Minilab0           ; Minilab0           ;
; Family name                                                                     ; Cyclone V          ; Cyclone V          ;
; Use smart compilation                                                           ; Off                ; Off                ;
; Enable parallel Assembler and Timing Analyzer during compilation                ; On                 ; On                 ;
; Enable compact report table                                                     ; Off                ; Off                ;
; Restructure Multiplexers                                                        ; Auto               ; Auto               ;
; MLAB Add Timing Constraints For Mixed-Port Feed-Through Mode Setting Don't Care ; Off                ; Off                ;
; Create Debugging Nodes for IP Cores                                             ; Off                ; Off                ;
; Preserve fewer node names                                                       ; On                 ; On                 ;
; Intel FPGA IP Evaluation Mode                                                   ; Enable             ; Enable             ;
; Verilog Version                                                                 ; Verilog_2001       ; Verilog_2001       ;
; VHDL Version                                                                    ; VHDL_1993          ; VHDL_1993          ;
; State Machine Processing                                                        ; Auto               ; Auto               ;
; Safe State Machine                                                              ; Off                ; Off                ;
; Extract Verilog State Machines                                                  ; On                 ; On                 ;
; Extract VHDL State Machines                                                     ; On                 ; On                 ;
; Ignore Verilog initial constructs                                               ; Off                ; Off                ;
; Iteration limit for constant Verilog loops                                      ; 5000               ; 5000               ;
; Iteration limit for non-constant Verilog loops                                  ; 250                ; 250                ;
; Add Pass-Through Logic to Inferred RAMs                                         ; On                 ; On                 ;
; Infer RAMs from Raw Logic                                                       ; On                 ; On                 ;
; Parallel Synthesis                                                              ; On                 ; On                 ;
; DSP Block Balancing                                                             ; Auto               ; Auto               ;
; NOT Gate Push-Back                                                              ; On                 ; On                 ;
; Power-Up Don't Care                                                             ; On                 ; On                 ;
; Remove Redundant Logic Cells                                                    ; Off                ; Off                ;
; Remove Duplicate Registers                                                      ; On                 ; On                 ;
; Ignore CARRY Buffers                                                            ; Off                ; Off                ;
; Ignore CASCADE Buffers                                                          ; Off                ; Off                ;
; Ignore GLOBAL Buffers                                                           ; Off                ; Off                ;
; Ignore ROW GLOBAL Buffers                                                       ; Off                ; Off                ;
; Ignore LCELL Buffers                                                            ; Off                ; Off                ;
; Ignore SOFT Buffers                                                             ; On                 ; On                 ;
; Limit AHDL Integers to 32 Bits                                                  ; Off                ; Off                ;
; Optimization Technique                                                          ; Balanced           ; Balanced           ;
; Carry Chain Length                                                              ; 70                 ; 70                 ;
; Auto Carry Chains                                                               ; On                 ; On                 ;
; Auto Open-Drain Pins                                                            ; On                 ; On                 ;
; Perform WYSIWYG Primitive Resynthesis                                           ; Off                ; Off                ;
; Auto ROM Replacement                                                            ; On                 ; On                 ;
; Auto RAM Replacement                                                            ; On                 ; On                 ;
; Auto DSP Block Replacement                                                      ; On                 ; On                 ;
; Auto Shift Register Replacement                                                 ; Auto               ; Auto               ;
; Allow Shift Register Merging across Hierarchies                                 ; Auto               ; Auto               ;
; Auto Clock Enable Replacement                                                   ; On                 ; On                 ;
; Strict RAM Replacement                                                          ; Off                ; Off                ;
; Allow Synchronous Control Signals                                               ; On                 ; On                 ;
; Force Use of Synchronous Clear Signals                                          ; Off                ; Off                ;
; Auto Resource Sharing                                                           ; Off                ; Off                ;
; Allow Any RAM Size For Recognition                                              ; Off                ; Off                ;
; Allow Any ROM Size For Recognition                                              ; Off                ; Off                ;
; Allow Any Shift Register Size For Recognition                                   ; Off                ; Off                ;
; Use LogicLock Constraints during Resource Balancing                             ; On                 ; On                 ;
; Ignore translate_off and synthesis_off directives                               ; Off                ; Off                ;
; Timing-Driven Synthesis                                                         ; On                 ; On                 ;
; Report Parameter Settings                                                       ; On                 ; On                 ;
; Report Source Assignments                                                       ; On                 ; On                 ;
; Report Connectivity Checks                                                      ; On                 ; On                 ;
; Ignore Maximum Fan-Out Assignments                                              ; Off                ; Off                ;
; Synchronization Register Chain Length                                           ; 3                  ; 3                  ;
; Power Optimization During Synthesis                                             ; Normal compilation ; Normal compilation ;
; HDL message level                                                               ; Level2             ; Level2             ;
; Suppress Register Optimization Related Messages                                 ; Off                ; Off                ;
; Number of Removed Registers Reported in Synthesis Report                        ; 5000               ; 5000               ;
; Number of Swept Nodes Reported in Synthesis Report                              ; 5000               ; 5000               ;
; Number of Inverted Registers Reported in Synthesis Report                       ; 100                ; 100                ;
; Clock MUX Protection                                                            ; On                 ; On                 ;
; Auto Gated Clock Conversion                                                     ; Off                ; Off                ;
; Block Design Naming                                                             ; Auto               ; Auto               ;
; SDC constraint protection                                                       ; Off                ; Off                ;
; Synthesis Effort                                                                ; Auto               ; Auto               ;
; Shift Register Replacement - Allow Asynchronous Clear Signal                    ; On                 ; On                 ;
; Pre-Mapping Resynthesis Optimization                                            ; Off                ; Off                ;
; Analysis & Synthesis Message Level                                              ; Medium             ; Medium             ;
; Disable Register Merging Across Hierarchies                                     ; Auto               ; Auto               ;
; Resource Aware Inference For Block RAM                                          ; On                 ; On                 ;
; Automatic Parallel Synthesis                                                    ; On                 ; On                 ;
; Partial Reconfiguration Bitstream ID                                            ; Off                ; Off                ;
+---------------------------------------------------------------------------------+--------------------+--------------------+


+------------------------------------------+
; Parallel Compilation                     ;
+----------------------------+-------------+
; Processors                 ; Number      ;
+----------------------------+-------------+
; Number detected on machine ; 20          ;
; Maximum allowed            ; 14          ;
;                            ;             ;
; Average used               ; 1.00        ;
; Maximum used               ; 14          ;
;                            ;             ;
; Usage by Processor         ; % Time Used ;
;     Processor 1            ; 100.0%      ;
;     Processors 2-14        ;   0.0%      ;
+----------------------------+-------------+


+-----------------------------------------------------------------------------------------------------------------------------------------------------------------------------------+
; Analysis & Synthesis Source Files Read                                                                                                                                            ;
+----------------------------------+-----------------+------------------------------+-------------------------------------------------------------------------------------+---------+
; File Name with User-Entered Path ; Used in Netlist ; File Type                    ; File Name with Absolute Path                                                        ; Library ;
+----------------------------------+-----------------+------------------------------+-------------------------------------------------------------------------------------+---------+
; Minilab0.v                       ; yes             ; User Verilog HDL File        ; I:/Documents/ece554/ECE554SP26_MiniLab1-main/MiniLab1-Part_B/Minilab0.v             ;         ;
; mac.sv                           ; yes             ; User SystemVerilog HDL File  ; I:/Documents/ece554/ECE554SP26_MiniLab1-main/MiniLab1-Part_B/mac.sv                 ;         ;
; fifo.sv                          ; yes             ; User SystemVerilog HDL File  ; I:/Documents/ece554/ECE554SP26_MiniLab1-main/MiniLab1-Part_B/fifo.sv                ;         ;
; altsyncram.tdf                   ; yes             ; Megafunction                 ; c:/intelfpga_lite/24.1std/quartus/libraries/megafunctions/altsyncram.tdf            ;         ;
; stratix_ram_block.inc            ; yes             ; Megafunction                 ; c:/intelfpga_lite/24.1std/quartus/libraries/megafunctions/stratix_ram_block.inc     ;         ;
; lpm_mux.inc                      ; yes             ; Megafunction                 ; c:/intelfpga_lite/24.1std/quartus/libraries/megafunctions/lpm_mux.inc               ;         ;
; lpm_decode.inc                   ; yes             ; Megafunction                 ; c:/intelfpga_lite/24.1std/quartus/libraries/megafunctions/lpm_decode.inc            ;         ;
; aglobal241.inc                   ; yes             ; Megafunction                 ; c:/intelfpga_lite/24.1std/quartus/libraries/megafunctions/aglobal241.inc            ;         ;
; a_rdenreg.inc                    ; yes             ; Megafunction                 ; c:/intelfpga_lite/24.1std/quartus/libraries/megafunctions/a_rdenreg.inc             ;         ;
; altrom.inc                       ; yes             ; Megafunction                 ; c:/intelfpga_lite/24.1std/quartus/libraries/megafunctions/altrom.inc                ;         ;
; altram.inc                       ; yes             ; Megafunction                 ; c:/intelfpga_lite/24.1std/quartus/libraries/megafunctions/altram.inc                ;         ;
; altdpram.inc                     ; yes             ; Megafunction                 ; c:/intelfpga_lite/24.1std/quartus/libraries/megafunctions/altdpram.inc              ;         ;
; db/altsyncram_dco1.tdf           ; yes             ; Auto-Generated Megafunction  ; I:/Documents/ece554/ECE554SP26_MiniLab1-main/MiniLab1-Part_B/db/altsyncram_dco1.tdf ;         ;
+----------------------------------+-----------------+------------------------------+-------------------------------------------------------------------------------------+---------+


+--------------------------------------------------------------+
; Analysis & Synthesis Resource Usage Summary                  ;
+---------------------------------------------+----------------+
; Resource                                    ; Usage          ;
+---------------------------------------------+----------------+
; Estimate of Logic utilization (ALMs needed) ; 114            ;
;                                             ;                ;
; Combinational ALUT usage for logic          ; 171            ;
;     -- 7 input functions                    ; 14             ;
;     -- 6 input functions                    ; 16             ;
;     -- 5 input functions                    ; 9              ;
;     -- 4 input functions                    ; 85             ;
;     -- <=3 input functions                  ; 47             ;
;                                             ;                ;
; Dedicated logic registers                   ; 161            ;
;                                             ;                ;
; I/O pins                                    ; 70             ;
; Total MLAB memory bits                      ; 0              ;
; Total block memory bits                     ; 64             ;
;                                             ;                ;
; Total DSP Blocks                            ; 1              ;
;                                             ;                ;
; Maximum fan-out node                        ; CLOCK_50~input ;
; Maximum fan-out                             ; 169            ;
; Total fan-out                               ; 1424           ;
; Average fan-out                             ; 2.96           ;
+---------------------------------------------+----------------+


+---------------------------------------------------------------------------------------------------------------------------------------------------------------------------------------------------------------------------------------------------------------------------------+
; Analysis & Synthesis Resource Utilization by Entity                                                                                                                                                                                                                             ;
+-------------------------------------------+---------------------+---------------------------+-------------------+------------+------+--------------+-------------------------------------------------------------------------------------------+-----------------+--------------+
; Compilation Hierarchy Node                ; Combinational ALUTs ; Dedicated Logic Registers ; Block Memory Bits ; DSP Blocks ; Pins ; Virtual Pins ; Full Hierarchy Name                                                                       ; Entity Name     ; Library Name ;
+-------------------------------------------+---------------------+---------------------------+-------------------+------------+------+--------------+-------------------------------------------------------------------------------------------+-----------------+--------------+
; |Minilab0                                 ; 171 (101)           ; 161 (16)                  ; 64                ; 1          ; 70   ; 0            ; |Minilab0                                                                                 ; Minilab0        ; work         ;
;    |FIFO:fifo_gen[0].input_fifo|          ; 24 (24)             ; 41 (41)                   ; 64                ; 0          ; 0    ; 0            ; |Minilab0|FIFO:fifo_gen[0].input_fifo                                                     ; FIFO            ; work         ;
;       |altsyncram:mem_rtl_0|              ; 0 (0)               ; 0 (0)                     ; 64                ; 0          ; 0    ; 0            ; |Minilab0|FIFO:fifo_gen[0].input_fifo|altsyncram:mem_rtl_0                                ; altsyncram      ; work         ;
;          |altsyncram_dco1:auto_generated| ; 0 (0)               ; 0 (0)                     ; 64                ; 0          ; 0    ; 0            ; |Minilab0|FIFO:fifo_gen[0].input_fifo|altsyncram:mem_rtl_0|altsyncram_dco1:auto_generated ; altsyncram_dco1 ; work         ;
;    |FIFO:fifo_gen[1].input_fifo|          ; 22 (22)             ; 63 (63)                   ; 0                 ; 0          ; 0    ; 0            ; |Minilab0|FIFO:fifo_gen[1].input_fifo                                                     ; FIFO            ; work         ;
;    |MAC:mac|                              ; 24 (24)             ; 41 (41)                   ; 0                 ; 1          ; 0    ; 0            ; |Minilab0|MAC:mac                                                                         ; MAC             ; work         ;
+-------------------------------------------+---------------------+---------------------------+-------------------+------------+------+--------------+-------------------------------------------------------------------------------------------+-----------------+--------------+
Note: For table entries with two numbers listed, the numbers in parentheses indicate the number of resources of the given type used by the specific entity alone. The numbers listed outside of parentheses indicate the total resources of the given type used by the specific entity and all of its sub-entities in the hierarchy.


+------------------------------------------------------------------------------------------------------------------------------------------------------------------------------------------------+
; Analysis & Synthesis RAM Summary                                                                                                                                                               ;
+--------------------------------------------------------------------------------------------+------+------------------+--------------+--------------+--------------+--------------+------+------+
; Name                                                                                       ; Type ; Mode             ; Port A Depth ; Port A Width ; Port B Depth ; Port B Width ; Size ; MIF  ;
+--------------------------------------------------------------------------------------------+------+------------------+--------------+--------------+--------------+--------------+------+------+
; FIFO:fifo_gen[0].input_fifo|altsyncram:mem_rtl_0|altsyncram_dco1:auto_generated|ALTSYNCRAM ; AUTO ; Simple Dual Port ; 8            ; 8            ; 8            ; 8            ; 64   ; None ;
+--------------------------------------------------------------------------------------------+------+------------------+--------------+--------------+--------------+--------------+------+------+


+-----------------------------------------------+
; Analysis & Synthesis DSP Block Usage Summary  ;
+---------------------------------+-------------+
; Statistic                       ; Number Used ;
+---------------------------------+-------------+
; Independent 9x9                 ; 1           ;
; Total number of DSP blocks      ; 1           ;
;                                 ;             ;
; Fixed Point Unsigned Multiplier ; 1           ;
+---------------------------------+-------------+


+--------------------------------------------------------------------------------------------+
; Registers Removed During Synthesis                                                         ;
+----------------------------------------+---------------------------------------------------+
; Register name                          ; Reason for Removal                                ;
+----------------------------------------+---------------------------------------------------+
; MAC:mac|Clr_d1                         ; Stuck at GND due to stuck port data_in            ;
; FIFO:fifo_gen[1].input_fifo|o_data[0]  ; Stuck at GND due to stuck port data_in            ;
; FIFO:fifo_gen[1].input_fifo|count[3]   ; Merged with FIFO:fifo_gen[0].input_fifo|count[3]  ;
; FIFO:fifo_gen[1].input_fifo|count[2]   ; Merged with FIFO:fifo_gen[0].input_fifo|count[2]  ;
; FIFO:fifo_gen[1].input_fifo|count[1]   ; Merged with FIFO:fifo_gen[0].input_fifo|count[1]  ;
; FIFO:fifo_gen[1].input_fifo|count[0]   ; Merged with FIFO:fifo_gen[0].input_fifo|count[0]  ;
; FIFO:fifo_gen[1].input_fifo|wr_ptr[0]  ; Merged with FIFO:fifo_gen[0].input_fifo|wr_ptr[0] ;
; FIFO:fifo_gen[1].input_fifo|wr_ptr[1]  ; Merged with FIFO:fifo_gen[0].input_fifo|wr_ptr[1] ;
; FIFO:fifo_gen[1].input_fifo|wr_ptr[2]  ; Merged with FIFO:fifo_gen[0].input_fifo|wr_ptr[2] ;
; FIFO:fifo_gen[1].input_fifo|rd_ptr[0]  ; Merged with FIFO:fifo_gen[0].input_fifo|rd_ptr[0] ;
; FIFO:fifo_gen[1].input_fifo|rd_ptr[1]  ; Merged with FIFO:fifo_gen[0].input_fifo|rd_ptr[1] ;
; FIFO:fifo_gen[1].input_fifo|rd_ptr[2]  ; Merged with FIFO:fifo_gen[0].input_fifo|rd_ptr[2] ;
; FIFO:fifo_gen[0].input_fifo|wr_ptr[0]  ; Merged with datain[0][0]                          ;
; datain[1][1]                           ; Merged with datain[0][0]                          ;
; Total Number of Removed Registers = 14 ;                                                   ;
+----------------------------------------+---------------------------------------------------+


+------------------------------------------------------+
; General Register Statistics                          ;
+----------------------------------------------+-------+
; Statistic                                    ; Value ;
+----------------------------------------------+-------+
; Total registers                              ; 161   ;
; Number of registers using Synchronous Clear  ; 0     ;
; Number of registers using Synchronous Load   ; 0     ;
; Number of registers using Asynchronous Clear ; 85    ;
; Number of registers using Asynchronous Load  ; 0     ;
; Number of registers using Clock Enable       ; 124   ;
; Number of registers using Preset             ; 0     ;
+----------------------------------------------+-------+


+------------------------------------------------------------------------------------------+
; Registers Added for RAM Pass-Through Logic                                               ;
+--------------------------------------------------+---------------------------------------+
; Register Name                                    ; RAM Name                              ;
+--------------------------------------------------+---------------------------------------+
; FIFO:fifo_gen[0].input_fifo|mem_rtl_0_bypass[0]  ; FIFO:fifo_gen[0].input_fifo|mem_rtl_0 ;
; FIFO:fifo_gen[0].input_fifo|mem_rtl_0_bypass[1]  ; FIFO:fifo_gen[0].input_fifo|mem_rtl_0 ;
; FIFO:fifo_gen[0].input_fifo|mem_rtl_0_bypass[2]  ; FIFO:fifo_gen[0].input_fifo|mem_rtl_0 ;
; FIFO:fifo_gen[0].input_fifo|mem_rtl_0_bypass[3]  ; FIFO:fifo_gen[0].input_fifo|mem_rtl_0 ;
; FIFO:fifo_gen[0].input_fifo|mem_rtl_0_bypass[4]  ; FIFO:fifo_gen[0].input_fifo|mem_rtl_0 ;
; FIFO:fifo_gen[0].input_fifo|mem_rtl_0_bypass[5]  ; FIFO:fifo_gen[0].input_fifo|mem_rtl_0 ;
; FIFO:fifo_gen[0].input_fifo|mem_rtl_0_bypass[6]  ; FIFO:fifo_gen[0].input_fifo|mem_rtl_0 ;
; FIFO:fifo_gen[0].input_fifo|mem_rtl_0_bypass[7]  ; FIFO:fifo_gen[0].input_fifo|mem_rtl_0 ;
; FIFO:fifo_gen[0].input_fifo|mem_rtl_0_bypass[8]  ; FIFO:fifo_gen[0].input_fifo|mem_rtl_0 ;
; FIFO:fifo_gen[0].input_fifo|mem_rtl_0_bypass[9]  ; FIFO:fifo_gen[0].input_fifo|mem_rtl_0 ;
; FIFO:fifo_gen[0].input_fifo|mem_rtl_0_bypass[10] ; FIFO:fifo_gen[0].input_fifo|mem_rtl_0 ;
; FIFO:fifo_gen[0].input_fifo|mem_rtl_0_bypass[11] ; FIFO:fifo_gen[0].input_fifo|mem_rtl_0 ;
; FIFO:fifo_gen[0].input_fifo|mem_rtl_0_bypass[12] ; FIFO:fifo_gen[0].input_fifo|mem_rtl_0 ;
; FIFO:fifo_gen[0].input_fifo|mem_rtl_0_bypass[13] ; FIFO:fifo_gen[0].input_fifo|mem_rtl_0 ;
; FIFO:fifo_gen[0].input_fifo|mem_rtl_0_bypass[14] ; FIFO:fifo_gen[0].input_fifo|mem_rtl_0 ;
+--------------------------------------------------+---------------------------------------+


+---------------------------------------------------------------------------------------------------------------------------------------------------------------+
; Multiplexer Restructuring Statistics (Restructuring Performed)                                                                                                ;
+--------------------+-----------+---------------+----------------------+------------------------+------------+-------------------------------------------------+
; Multiplexer Inputs ; Bus Width ; Baseline Area ; Area if Restructured ; Saving if Restructured ; Registered ; Example Multiplexer Output                      ;
+--------------------+-----------+---------------+----------------------+------------------------+------------+-------------------------------------------------+
; 3:1                ; 8 bits    ; 16 LEs        ; 16 LEs               ; 0 LEs                  ; Yes        ; |Minilab0|FIFO:fifo_gen[0].input_fifo|o_data[1] ;
; 6:1                ; 2 bits    ; 8 LEs         ; 4 LEs                ; 4 LEs                  ; Yes        ; |Minilab0|state[1]                              ;
+--------------------+-----------+---------------+----------------------+------------------------+------------+-------------------------------------------------+


+--------------------------------------------------------------------------------------------------------+
; Source assignments for FIFO:fifo_gen[0].input_fifo|altsyncram:mem_rtl_0|altsyncram_dco1:auto_generated ;
+---------------------------------+--------------------+------+------------------------------------------+
; Assignment                      ; Value              ; From ; To                                       ;
+---------------------------------+--------------------+------+------------------------------------------+
; OPTIMIZE_POWER_DURING_SYNTHESIS ; NORMAL_COMPILATION ; -    ; -                                        ;
+---------------------------------+--------------------+------+------------------------------------------+


+--------------------------------------------------------------------------+
; Parameter Settings for User Entity Instance: Top-level Entity: |Minilab0 ;
+----------------+---------+-----------------------------------------------+
; Parameter Name ; Value   ; Type                                          ;
+----------------+---------+-----------------------------------------------+
; HEX_0          ; 1000000 ; Unsigned Binary                               ;
; HEX_1          ; 1111001 ; Unsigned Binary                               ;
; HEX_2          ; 0100100 ; Unsigned Binary                               ;
; HEX_3          ; 0110000 ; Unsigned Binary                               ;
; HEX_4          ; 0011001 ; Unsigned Binary                               ;
; HEX_5          ; 0010010 ; Unsigned Binary                               ;
; HEX_6          ; 0000010 ; Unsigned Binary                               ;
; HEX_7          ; 1111000 ; Unsigned Binary                               ;
; HEX_8          ; 0000000 ; Unsigned Binary                               ;
; HEX_9          ; 0011000 ; Unsigned Binary                               ;
; HEX_10         ; 0001000 ; Unsigned Binary                               ;
; HEX_11         ; 0000011 ; Unsigned Binary                               ;
; HEX_12         ; 1000110 ; Unsigned Binary                               ;
; HEX_13         ; 0100001 ; Unsigned Binary                               ;
; HEX_14         ; 0000110 ; Unsigned Binary                               ;
; HEX_15         ; 0001110 ; Unsigned Binary                               ;
; OFF            ; 1111111 ; Unsigned Binary                               ;
+----------------+---------+-----------------------------------------------+
Note: In order to hide this table in the UI and the text report file, please set the "Show Parameter Settings in Synthesis Report" option in "Analysis and Synthesis Settings -> More Settings" to "Off".


+--------------------------------------------------------------------------+
; Parameter Settings for User Entity Instance: FIFO:fifo_gen[0].input_fifo ;
+----------------+-------+-------------------------------------------------+
; Parameter Name ; Value ; Type                                            ;
+----------------+-------+-------------------------------------------------+
; DEPTH          ; 8     ; Signed Integer                                  ;
; DATA_WIDTH     ; 8     ; Signed Integer                                  ;
+----------------+-------+-------------------------------------------------+
Note: In order to hide this table in the UI and the text report file, please set the "Show Parameter Settings in Synthesis Report" option in "Analysis and Synthesis Settings -> More Settings" to "Off".


+--------------------------------------------------------------------------+
; Parameter Settings for User Entity Instance: FIFO:fifo_gen[1].input_fifo ;
+----------------+-------+-------------------------------------------------+
; Parameter Name ; Value ; Type                                            ;
+----------------+-------+-------------------------------------------------+
; DEPTH          ; 8     ; Signed Integer                                  ;
; DATA_WIDTH     ; 8     ; Signed Integer                                  ;
+----------------+-------+-------------------------------------------------+
Note: In order to hide this table in the UI and the text report file, please set the "Show Parameter Settings in Synthesis Report" option in "Analysis and Synthesis Settings -> More Settings" to "Off".


+------------------------------------------------------+
; Parameter Settings for User Entity Instance: MAC:mac ;
+----------------+-------+-----------------------------+
; Parameter Name ; Value ; Type                        ;
+----------------+-------+-----------------------------+
; DATA_WIDTH     ; 8     ; Signed Integer              ;
+----------------+-------+-----------------------------+
Note: In order to hide this table in the UI and the text report file, please set the "Show Parameter Settings in Synthesis Report" option in "Analysis and Synthesis Settings -> More Settings" to "Off".


+---------------------------------------------------------------------------------------------------+
; Parameter Settings for Inferred Entity Instance: FIFO:fifo_gen[0].input_fifo|altsyncram:mem_rtl_0 ;
+------------------------------------+----------------------+---------------------------------------+
; Parameter Name                     ; Value                ; Type                                  ;
+------------------------------------+----------------------+---------------------------------------+
; BYTE_SIZE_BLOCK                    ; 8                    ; Untyped                               ;
; AUTO_CARRY_CHAINS                  ; ON                   ; AUTO_CARRY                            ;
; IGNORE_CARRY_BUFFERS               ; OFF                  ; IGNORE_CARRY                          ;
; AUTO_CASCADE_CHAINS                ; ON                   ; AUTO_CASCADE                          ;
; IGNORE_CASCADE_BUFFERS             ; OFF                  ; IGNORE_CASCADE                        ;
; WIDTH_BYTEENA                      ; 1                    ; Untyped                               ;
; OPERATION_MODE                     ; DUAL_PORT            ; Untyped                               ;
; WIDTH_A                            ; 8                    ; Untyped                               ;
; WIDTHAD_A                          ; 3                    ; Untyped                               ;
; NUMWORDS_A                         ; 8                    ; Untyped                               ;
; OUTDATA_REG_A                      ; UNREGISTERED         ; Untyped                               ;
; ADDRESS_ACLR_A                     ; NONE                 ; Untyped                               ;
; OUTDATA_ACLR_A                     ; NONE                 ; Untyped                               ;
; WRCONTROL_ACLR_A                   ; NONE                 ; Untyped                               ;
; INDATA_ACLR_A                      ; NONE                 ; Untyped                               ;
; BYTEENA_ACLR_A                     ; NONE                 ; Untyped                               ;
; WIDTH_B                            ; 8                    ; Untyped                               ;
; WIDTHAD_B                          ; 3                    ; Untyped                               ;
; NUMWORDS_B                         ; 8                    ; Untyped                               ;
; INDATA_REG_B                       ; CLOCK1               ; Untyped                               ;
; WRCONTROL_WRADDRESS_REG_B          ; CLOCK1               ; Untyped                               ;
; RDCONTROL_REG_B                    ; CLOCK1               ; Untyped                               ;
; ADDRESS_REG_B                      ; CLOCK0               ; Untyped                               ;
; OUTDATA_REG_B                      ; UNREGISTERED         ; Untyped                               ;
; BYTEENA_REG_B                      ; CLOCK1               ; Untyped                               ;
; INDATA_ACLR_B                      ; NONE                 ; Untyped                               ;
; WRCONTROL_ACLR_B                   ; NONE                 ; Untyped                               ;
; ADDRESS_ACLR_B                     ; NONE                 ; Untyped                               ;
; OUTDATA_ACLR_B                     ; NONE                 ; Untyped                               ;
; RDCONTROL_ACLR_B                   ; NONE                 ; Untyped                               ;
; BYTEENA_ACLR_B                     ; NONE                 ; Untyped                               ;
; WIDTH_BYTEENA_A                    ; 1                    ; Untyped                               ;
; WIDTH_BYTEENA_B                    ; 1                    ; Untyped                               ;
; RAM_BLOCK_TYPE                     ; AUTO                 ; Untyped                               ;
; BYTE_SIZE                          ; 8                    ; Untyped                               ;
; READ_DURING_WRITE_MODE_MIXED_PORTS ; OLD_DATA             ; Untyped                               ;
; READ_DURING_WRITE_MODE_PORT_A      ; NEW_DATA_NO_NBE_READ ; Untyped                               ;
; READ_DURING_WRITE_MODE_PORT_B      ; NEW_DATA_NO_NBE_READ ; Untyped                               ;
; INIT_FILE                          ; UNUSED               ; Untyped                               ;
; INIT_FILE_LAYOUT                   ; PORT_A               ; Untyped                               ;
; MAXIMUM_DEPTH                      ; 0                    ; Untyped                               ;
; CLOCK_ENABLE_INPUT_A               ; NORMAL               ; Untyped                               ;
; CLOCK_ENABLE_INPUT_B               ; NORMAL               ; Untyped                               ;
; CLOCK_ENABLE_OUTPUT_A              ; NORMAL               ; Untyped                               ;
; CLOCK_ENABLE_OUTPUT_B              ; NORMAL               ; Untyped                               ;
; CLOCK_ENABLE_CORE_A                ; USE_INPUT_CLKEN      ; Untyped                               ;
; CLOCK_ENABLE_CORE_B                ; USE_INPUT_CLKEN      ; Untyped                               ;
; ENABLE_ECC                         ; FALSE                ; Untyped                               ;
; ECC_PIPELINE_STAGE_ENABLED         ; FALSE                ; Untyped                               ;
; WIDTH_ECCSTATUS                    ; 3                    ; Untyped                               ;
; DEVICE_FAMILY                      ; Cyclone V            ; Untyped                               ;
; CBXI_PARAMETER                     ; altsyncram_dco1      ; Untyped                               ;
+------------------------------------+----------------------+---------------------------------------+
Note: In order to hide this table in the UI and the text report file, please set the "Show Parameter Settings in Synthesis Report" option in "Analysis and Synthesis Settings -> More Settings" to "Off".


+----------------------------------------------------------------------------------------------+
; altsyncram Parameter Settings by Entity Instance                                             ;
+-------------------------------------------+--------------------------------------------------+
; Name                                      ; Value                                            ;
+-------------------------------------------+--------------------------------------------------+
; Number of entity instances                ; 1                                                ;
; Entity Instance                           ; FIFO:fifo_gen[0].input_fifo|altsyncram:mem_rtl_0 ;
;     -- OPERATION_MODE                     ; DUAL_PORT                                        ;
;     -- WIDTH_A                            ; 8                                                ;
;     -- NUMWORDS_A                         ; 8                                                ;
;     -- OUTDATA_REG_A                      ; UNREGISTERED                                     ;
;     -- WIDTH_B                            ; 8                                                ;
;     -- NUMWORDS_B                         ; 8                                                ;
;     -- ADDRESS_REG_B                      ; CLOCK0                                           ;
;     -- OUTDATA_REG_B                      ; UNREGISTERED                                     ;
;     -- RAM_BLOCK_TYPE                     ; AUTO                                             ;
;     -- READ_DURING_WRITE_MODE_MIXED_PORTS ; OLD_DATA                                         ;
+-------------------------------------------+--------------------------------------------------+


+----------------------------------------+
; Port Connectivity Checks: "MAC:mac"    ;
+------+-------+----------+--------------+
; Port ; Type  ; Severity ; Details      ;
+------+-------+----------+--------------+
; Clr  ; Input ; Info     ; Stuck at GND ;
+------+-------+----------+--------------+


+---------------------------------------------------------+
; Port Connectivity Checks: "FIFO:fifo_gen[1].input_fifo" ;
+-----------+-------+----------+--------------------------+
; Port      ; Type  ; Severity ; Details                  ;
+-----------+-------+----------+--------------------------+
; i_data[0] ; Input ; Info     ; Stuck at GND             ;
+-----------+-------+----------+--------------------------+


+-----------------------------------------------------+
; Post-Synthesis Netlist Statistics for Top Partition ;
+-----------------------+-----------------------------+
; Type                  ; Count                       ;
+-----------------------+-----------------------------+
; arriav_ff             ; 161                         ;
;     CLR               ; 25                          ;
;     ENA               ; 64                          ;
;     ENA CLR           ; 60                          ;
;     plain             ; 12                          ;
; arriav_lcell_comb     ; 172                         ;
;     arith             ; 37                          ;
;         1 data inputs ; 19                          ;
;         2 data inputs ; 18                          ;
;     extend            ; 14                          ;
;         7 data inputs ; 14                          ;
;     normal            ; 121                         ;
;         0 data inputs ; 1                           ;
;         1 data inputs ; 4                           ;
;         2 data inputs ; 4                           ;
;         3 data inputs ; 2                           ;
;         4 data inputs ; 85                          ;
;         5 data inputs ; 9                           ;
;         6 data inputs ; 16                          ;
; arriav_mac            ; 1                           ;
; boundary_port         ; 70                          ;
; stratixv_ram_block    ; 8                           ;
;                       ;                             ;
; Max LUT depth         ; 3.30                        ;
; Average LUT depth     ; 1.72                        ;
+-----------------------+-----------------------------+


+-------------------------------+
; Elapsed Time Per Partition    ;
+----------------+--------------+
; Partition Name ; Elapsed Time ;
+----------------+--------------+
; Top            ; 00:00:01     ;
+----------------+--------------+


+-------------------------------+
; Analysis & Synthesis Messages ;
+-------------------------------+
Info: *******************************************************************
Info: Running Quartus Prime Analysis & Synthesis
    Info: Version 24.1std.0 Build 1077 03/04/2025 SC Lite Edition
    Info: Processing started: Thu Feb  5 17:35:47 2026
Info: Command: quartus_map --read_settings_files=on --write_settings_files=off Minilab0 -c Minilab0
Warning (18236): Number of processors has not been specified which may cause overloading on shared machines.  Set the global assignment NUM_PARALLEL_PROCESSORS in your QSF to an appropriate value for best performance.
Info (20030): Parallel compilation is enabled and will use 14 of the 14 processors detected
Info (12021): Found 1 design units, including 1 entities, in source file rom.v
    Info (12023): Found entity 1: rom File: I:/Documents/ece554/ECE554SP26_MiniLab1-main/MiniLab1-Part_B/rom.v Line: 40
Info (12021): Found 1 design units, including 1 entities, in source file minilab0.v
    Info (12023): Found entity 1: Minilab0 File: I:/Documents/ece554/ECE554SP26_MiniLab1-main/MiniLab1-Part_B/Minilab0.v Line: 6
Info (12021): Found 1 design units, including 1 entities, in source file memory.v
    Info (12023): Found entity 1: mem_wrapper File: I:/Documents/ece554/ECE554SP26_MiniLab1-main/MiniLab1-Part_B/memory.v Line: 2
Info (12021): Found 1 design units, including 1 entities, in source file mac.sv
    Info (12023): Found entity 1: MAC File: I:/Documents/ece554/ECE554SP26_MiniLab1-main/MiniLab1-Part_B/mac.sv Line: 1
Info (12021): Found 1 design units, including 1 entities, in source file fifo.sv
    Info (12023): Found entity 1: FIFO File: I:/Documents/ece554/ECE554SP26_MiniLab1-main/MiniLab1-Part_B/fifo.sv Line: 1
Info (12021): Found 1 design units, including 1 entities, in source file controller.sv
    Info (12023): Found entity 1: controller File: I:/Documents/ece554/ECE554SP26_MiniLab1-main/MiniLab1-Part_B/controller.sv Line: 17
Info (12021): Found 1 design units, including 1 entities, in source file 8mac.sv
    Info (12023): Found entity 1: MAC8 File: I:/Documents/ece554/ECE554SP26_MiniLab1-main/MiniLab1-Part_B/8MAC.sv Line: 1
Info (12127): Elaborating entity "Minilab0" for the top level hierarchy
Warning (10036): Verilog HDL or VHDL warning at Minilab0.v(63): object "result" assigned a value but never read File: I:/Documents/ece554/ECE554SP26_MiniLab1-main/MiniLab1-Part_B/Minilab0.v Line: 63
Warning (10230): Verilog HDL assignment warning at Minilab0.v(138): truncated value with size 32 to match size of target (8) File: I:/Documents/ece554/ECE554SP26_MiniLab1-main/MiniLab1-Part_B/Minilab0.v Line: 138
Warning (10230): Verilog HDL assignment warning at Minilab0.v(139): truncated value with size 32 to match size of target (8) File: I:/Documents/ece554/ECE554SP26_MiniLab1-main/MiniLab1-Part_B/Minilab0.v Line: 139
Warning (10240): Verilog HDL Always Construct warning at Minilab0.v(122): inferring latch(es) for variable "j", which holds its previous value in one or more paths through the always construct File: I:/Documents/ece554/ECE554SP26_MiniLab1-main/MiniLab1-Part_B/Minilab0.v Line: 122
Info (10041): Inferred latch for "datain[1][0]" at Minilab0.v(122) File: I:/Documents/ece554/ECE554SP26_MiniLab1-main/MiniLab1-Part_B/Minilab0.v Line: 122
Info (12128): Elaborating entity "FIFO" for hierarchy "FIFO:fifo_gen[0].input_fifo" File: I:/Documents/ece554/ECE554SP26_MiniLab1-main/MiniLab1-Part_B/Minilab0.v Line: 92
Warning (10230): Verilog HDL assignment warning at fifo.sv(37): truncated value with size 32 to match size of target (3) File: I:/Documents/ece554/ECE554SP26_MiniLab1-main/MiniLab1-Part_B/fifo.sv Line: 37
Warning (10230): Verilog HDL assignment warning at fifo.sv(43): truncated value with size 32 to match size of target (3) File: I:/Documents/ece554/ECE554SP26_MiniLab1-main/MiniLab1-Part_B/fifo.sv Line: 43
Warning (10230): Verilog HDL assignment warning at fifo.sv(48): truncated value with size 32 to match size of target (4) File: I:/Documents/ece554/ECE554SP26_MiniLab1-main/MiniLab1-Part_B/fifo.sv Line: 48
Warning (10230): Verilog HDL assignment warning at fifo.sv(49): truncated value with size 32 to match size of target (4) File: I:/Documents/ece554/ECE554SP26_MiniLab1-main/MiniLab1-Part_B/fifo.sv Line: 49
Info (10264): Verilog HDL Case Statement information at fifo.sv(47): all case item expressions in this case statement are onehot File: I:/Documents/ece554/ECE554SP26_MiniLab1-main/MiniLab1-Part_B/fifo.sv Line: 47
Info (12128): Elaborating entity "MAC" for hierarchy "MAC:mac" File: I:/Documents/ece554/ECE554SP26_MiniLab1-main/MiniLab1-Part_B/Minilab0.v Line: 108
Warning (276020): Inferred RAM node "FIFO:fifo_gen[0].input_fifo|mem_rtl_0" from synchronous design logic.  Pass-through logic has been added to match the read-during-write behavior of the original design.
Info (276014): Found 1 instances of uninferred RAM logic
    Info (276004): RAM logic "FIFO:fifo_gen[1].input_fifo|mem" is uninferred due to inappropriate RAM size File: I:/Documents/ece554/ECE554SP26_MiniLab1-main/MiniLab1-Part_B/fifo.sv Line: 17
Info (19000): Inferred 1 megafunctions from design logic
    Info (276029): Inferred altsyncram megafunction from the following design logic: "FIFO:fifo_gen[0].input_fifo|mem_rtl_0" 
        Info (286033): Parameter OPERATION_MODE set to DUAL_PORT
        Info (286033): Parameter WIDTH_A set to 8
        Info (286033): Parameter WIDTHAD_A set to 3
        Info (286033): Parameter NUMWORDS_A set to 8
        Info (286033): Parameter WIDTH_B set to 8
        Info (286033): Parameter WIDTHAD_B set to 3
        Info (286033): Parameter NUMWORDS_B set to 8
        Info (286033): Parameter ADDRESS_ACLR_A set to NONE
        Info (286033): Parameter OUTDATA_REG_B set to UNREGISTERED
        Info (286033): Parameter ADDRESS_ACLR_B set to NONE
        Info (286033): Parameter OUTDATA_ACLR_B set to NONE
        Info (286033): Parameter ADDRESS_REG_B set to CLOCK0
        Info (286033): Parameter INDATA_ACLR_A set to NONE
        Info (286033): Parameter WRCONTROL_ACLR_A set to NONE
        Info (286033): Parameter READ_DURING_WRITE_MODE_MIXED_PORTS set to OLD_DATA
Info (12130): Elaborated megafunction instantiation "FIFO:fifo_gen[0].input_fifo|altsyncram:mem_rtl_0"
Info (12133): Instantiated megafunction "FIFO:fifo_gen[0].input_fifo|altsyncram:mem_rtl_0" with the following parameter:
    Info (12134): Parameter "OPERATION_MODE" = "DUAL_PORT"
    Info (12134): Parameter "WIDTH_A" = "8"
    Info (12134): Parameter "WIDTHAD_A" = "3"
    Info (12134): Parameter "NUMWORDS_A" = "8"
    Info (12134): Parameter "WIDTH_B" = "8"
    Info (12134): Parameter "WIDTHAD_B" = "3"
    Info (12134): Parameter "NUMWORDS_B" = "8"
    Info (12134): Parameter "ADDRESS_ACLR_A" = "NONE"
    Info (12134): Parameter "OUTDATA_REG_B" = "UNREGISTERED"
    Info (12134): Parameter "ADDRESS_ACLR_B" = "NONE"
    Info (12134): Parameter "OUTDATA_ACLR_B" = "NONE"
    Info (12134): Parameter "ADDRESS_REG_B" = "CLOCK0"
    Info (12134): Parameter "INDATA_ACLR_A" = "NONE"
    Info (12134): Parameter "WRCONTROL_ACLR_A" = "NONE"
    Info (12134): Parameter "READ_DURING_WRITE_MODE_MIXED_PORTS" = "OLD_DATA"
Info (12021): Found 1 design units, including 1 entities, in source file db/altsyncram_dco1.tdf
    Info (12023): Found entity 1: altsyncram_dco1 File: I:/Documents/ece554/ECE554SP26_MiniLab1-main/MiniLab1-Part_B/db/altsyncram_dco1.tdf Line: 28
Warning (13024): Output pins are stuck at VCC or GND
    Warning (13410): Pin "LEDR[2]" is stuck at GND File: I:/Documents/ece554/ECE554SP26_MiniLab1-main/MiniLab1-Part_B/Minilab0.v Line: 23
    Warning (13410): Pin "LEDR[3]" is stuck at GND File: I:/Documents/ece554/ECE554SP26_MiniLab1-main/MiniLab1-Part_B/Minilab0.v Line: 23
    Warning (13410): Pin "LEDR[4]" is stuck at GND File: I:/Documents/ece554/ECE554SP26_MiniLab1-main/MiniLab1-Part_B/Minilab0.v Line: 23
    Warning (13410): Pin "LEDR[5]" is stuck at GND File: I:/Documents/ece554/ECE554SP26_MiniLab1-main/MiniLab1-Part_B/Minilab0.v Line: 23
    Warning (13410): Pin "LEDR[6]" is stuck at GND File: I:/Documents/ece554/ECE554SP26_MiniLab1-main/MiniLab1-Part_B/Minilab0.v Line: 23
    Warning (13410): Pin "LEDR[7]" is stuck at GND File: I:/Documents/ece554/ECE554SP26_MiniLab1-main/MiniLab1-Part_B/Minilab0.v Line: 23
    Warning (13410): Pin "LEDR[8]" is stuck at GND File: I:/Documents/ece554/ECE554SP26_MiniLab1-main/MiniLab1-Part_B/Minilab0.v Line: 23
    Warning (13410): Pin "LEDR[9]" is stuck at GND File: I:/Documents/ece554/ECE554SP26_MiniLab1-main/MiniLab1-Part_B/Minilab0.v Line: 23
Info (286030): Timing-Driven Synthesis is running
Info (16010): Generating hard_block partition "hard_block:auto_generated_inst"
    Info (16011): Adding 0 node(s), including 0 DDIO, 0 PLL, 0 transceiver and 0 LCELL
Warning (21074): Design contains 15 input pin(s) that do not drive logic
    Warning (15610): No output dependent on input pin "CLOCK2_50" File: I:/Documents/ece554/ECE554SP26_MiniLab1-main/MiniLab1-Part_B/Minilab0.v Line: 9
    Warning (15610): No output dependent on input pin "CLOCK3_50" File: I:/Documents/ece554/ECE554SP26_MiniLab1-main/MiniLab1-Part_B/Minilab0.v Line: 10
    Warning (15610): No output dependent on input pin "CLOCK4_50" File: I:/Documents/ece554/ECE554SP26_MiniLab1-main/MiniLab1-Part_B/Minilab0.v Line: 11
    Warning (15610): No output dependent on input pin "KEY[1]" File: I:/Documents/ece554/ECE554SP26_MiniLab1-main/MiniLab1-Part_B/Minilab0.v Line: 26
    Warning (15610): No output dependent on input pin "KEY[2]" File: I:/Documents/ece554/ECE554SP26_MiniLab1-main/MiniLab1-Part_B/Minilab0.v Line: 26
    Warning (15610): No output dependent on input pin "KEY[3]" File: I:/Documents/ece554/ECE554SP26_MiniLab1-main/MiniLab1-Part_B/Minilab0.v Line: 26
    Warning (15610): No output dependent on input pin "SW[1]" File: I:/Documents/ece554/ECE554SP26_MiniLab1-main/MiniLab1-Part_B/Minilab0.v Line: 30
    Warning (15610): No output dependent on input pin "SW[2]" File: I:/Documents/ece554/ECE554SP26_MiniLab1-main/MiniLab1-Part_B/Minilab0.v Line: 30
    Warning (15610): No output dependent on input pin "SW[3]" File: I:/Documents/ece554/ECE554SP26_MiniLab1-main/MiniLab1-Part_B/Minilab0.v Line: 30
    Warning (15610): No output dependent on input pin "SW[4]" File: I:/Documents/ece554/ECE554SP26_MiniLab1-main/MiniLab1-Part_B/Minilab0.v Line: 30
    Warning (15610): No output dependent on input pin "SW[5]" File: I:/Documents/ece554/ECE554SP26_MiniLab1-main/MiniLab1-Part_B/Minilab0.v Line: 30
    Warning (15610): No output dependent on input pin "SW[6]" File: I:/Documents/ece554/ECE554SP26_MiniLab1-main/MiniLab1-Part_B/Minilab0.v Line: 30
    Warning (15610): No output dependent on input pin "SW[7]" File: I:/Documents/ece554/ECE554SP26_MiniLab1-main/MiniLab1-Part_B/Minilab0.v Line: 30
    Warning (15610): No output dependent on input pin "SW[8]" File: I:/Documents/ece554/ECE554SP26_MiniLab1-main/MiniLab1-Part_B/Minilab0.v Line: 30
    Warning (15610): No output dependent on input pin "SW[9]" File: I:/Documents/ece554/ECE554SP26_MiniLab1-main/MiniLab1-Part_B/Minilab0.v Line: 30
Info (21057): Implemented 347 device resources after synthesis - the final resource count might be different
    Info (21058): Implemented 18 input pins
    Info (21059): Implemented 52 output pins
    Info (21061): Implemented 268 logic cells
    Info (21064): Implemented 8 RAM segments
    Info (21062): Implemented 1 DSP elements
Info: Quartus Prime Analysis & Synthesis was successful. 0 errors, 35 warnings
    Info: Peak virtual memory: 4893 megabytes
    Info: Processing ended: Thu Feb  5 17:36:04 2026
    Info: Elapsed time: 00:00:17
    Info: Total CPU time (on all processors): 00:00:15


